Constant Contact Exception -- December 17, 2014, 8:04:21pm
Constant Contact HTTP Request Exception: <?xml version="1.0" encoding="UTF-8" standalone="yes"?>
<Error>
    <ErrorCode>403</ErrorCode>
    <ErrorMessages>SiteOwner hipbrazil1 does not have access to EventSpot product</ErrorMessages>
</Error>

Stack Trace: #0 /home2/vanesso3/public_html/wp-content/plugins/constant-contact-api/lib/eventspot/ctct_php_library/Collections.php(620): CTCTRequest->makeRequest('https://api.con...', 'GET')
#1 /home2/vanesso3/public_html/wp-content/plugins/constant-contact-api/lib/eventspot/ctct_php_library/ConstantContact.php(524): EventsCollection->getEvents(NULL)
#2 /home2/vanesso3/public_html/wp-content/plugins/constant-contact-api/lib/eventspot/views/embed-form.php(53): ConstantContact->getEvents()
#3 /home2/vanesso3/public_html/wp-content/plugins/constant-contact-api/inc/functions.php(32): include('/home2/vanesso3...')
#4 /home2/vanesso3/public_html/wp-content/plugins/constant-contact-api/lib/eventspot/embed.php(60): kws_ob_include('/home2/vanesso3...')
#5 [internal function]: eventspot_add_mce_popup('')
#6 /home2/vanesso3/public_html/wp-includes/plugin.php(470): call_user_func_array('eventspot_add_m...', Array)
#7 /home2/vanesso3/public_html/wp-admin/admin-footer.php(67): do_action('admin_footer', '')
#8 /home2/vanesso3/public_html/wp-admin/post.php(325): include('/home2/vanesso3...')
#9 {main}

Constant Contact Exception -- December 17, 2014, 8:05:28pm
Constant Contact HTTP Request Exception: <?xml version="1.0" encoding="UTF-8" standalone="yes"?>
<Error>
    <ErrorCode>403</ErrorCode>
    <ErrorMessages>SiteOwner hipbrazil1 does not have access to EventSpot product</ErrorMessages>
</Error>

Stack Trace: #0 /home2/vanesso3/public_html/wp-content/plugins/constant-contact-api/lib/eventspot/ctct_php_library/Collections.php(620): CTCTRequest->makeRequest('https://api.con...', 'GET')
#1 /home2/vanesso3/public_html/wp-content/plugins/constant-contact-api/lib/eventspot/ctct_php_library/ConstantContact.php(524): EventsCollection->getEvents(NULL)
#2 /home2/vanesso3/public_html/wp-content/plugins/constant-contact-api/lib/eventspot/views/embed-form.php(53): ConstantContact->getEvents()
#3 /home2/vanesso3/public_html/wp-content/plugins/constant-contact-api/inc/functions.php(32): include('/home2/vanesso3...')
#4 /home2/vanesso3/public_html/wp-content/plugins/constant-contact-api/lib/eventspot/embed.php(60): kws_ob_include('/home2/vanesso3...')
#5 [internal function]: eventspot_add_mce_popup('')
#6 /home2/vanesso3/public_html/wp-includes/plugin.php(470): call_user_func_array('eventspot_add_m...', Array)
#7 /home2/vanesso3/public_html/wp-admin/admin-footer.php(67): do_action('admin_footer', '')
#8 /home2/vanesso3/public_html/wp-admin/post.php(325): include('/home2/vanesso3...')
#9 {main}

Constant Contact Exception -- December 17, 2014, 8:06:48pm
Constant Contact HTTP Request Exception: <?xml version="1.0" encoding="UTF-8" standalone="yes"?>
<Error>
    <ErrorCode>403</ErrorCode>
    <ErrorMessages>SiteOwner hipbrazil1 does not have access to EventSpot product</ErrorMessages>
</Error>

Stack Trace: #0 /home2/vanesso3/public_html/wp-content/plugins/constant-contact-api/lib/eventspot/ctct_php_library/Collections.php(620): CTCTRequest->makeRequest('https://api.con...', 'GET')
#1 /home2/vanesso3/public_html/wp-content/plugins/constant-contact-api/lib/eventspot/ctct_php_library/ConstantContact.php(524): EventsCollection->getEvents(NULL)
#2 /home2/vanesso3/public_html/wp-content/plugins/constant-contact-api/lib/eventspot/views/embed-form.php(53): ConstantContact->getEvents()
#3 /home2/vanesso3/public_html/wp-content/plugins/constant-contact-api/inc/functions.php(32): include('/home2/vanesso3...')
#4 /home2/vanesso3/public_html/wp-content/plugins/constant-contact-api/lib/eventspot/embed.php(60): kws_ob_include('/home2/vanesso3...')
#5 [internal function]: eventspot_add_mce_popup('')
#6 /home2/vanesso3/public_html/wp-includes/plugin.php(470): call_user_func_array('eventspot_add_m...', Array)
#7 /home2/vanesso3/public_html/wp-admin/admin-footer.php(67): do_action('admin_footer', '')
#8 /home2/vanesso3/public_html/wp-admin/post.php(325): include('/home2/vanesso3...')
#9 {main}

Constant Contact Exception -- December 17, 2014, 8:08:09pm
Constant Contact HTTP Request Exception: <?xml version="1.0" encoding="UTF-8" standalone="yes"?>
<Error>
    <ErrorCode>403</ErrorCode>
    <ErrorMessages>SiteOwner hipbrazil1 does not have access to EventSpot product</ErrorMessages>
</Error>

Stack Trace: #0 /home2/vanesso3/public_html/wp-content/plugins/constant-contact-api/lib/eventspot/ctct_php_library/Collections.php(620): CTCTRequest->makeRequest('https://api.con...', 'GET')
#1 /home2/vanesso3/public_html/wp-content/plugins/constant-contact-api/lib/eventspot/ctct_php_library/ConstantContact.php(524): EventsCollection->getEvents(NULL)
#2 /home2/vanesso3/public_html/wp-content/plugins/constant-contact-api/lib/eventspot/views/embed-form.php(53): ConstantContact->getEvents()
#3 /home2/vanesso3/public_html/wp-content/plugins/constant-contact-api/inc/functions.php(32): include('/home2/vanesso3...')
#4 /home2/vanesso3/public_html/wp-content/plugins/constant-contact-api/lib/eventspot/embed.php(60): kws_ob_include('/home2/vanesso3...')
#5 [internal function]: eventspot_add_mce_popup('')
#6 /home2/vanesso3/public_html/wp-includes/plugin.php(470): call_user_func_array('eventspot_add_m...', Array)
#7 /home2/vanesso3/public_html/wp-admin/admin-footer.php(67): do_action('admin_footer', '')
#8 /home2/vanesso3/public_html/wp-admin/post.php(325): include('/home2/vanesso3...')
#9 {main}

Constant Contact Exception -- December 17, 2014, 8:09:41pm
Constant Contact HTTP Request Exception: <?xml version="1.0" encoding="UTF-8" standalone="yes"?>
<Error>
    <ErrorCode>403</ErrorCode>
    <ErrorMessages>SiteOwner hipbrazil1 does not have access to EventSpot product</ErrorMessages>
</Error>

Stack Trace: #0 /home2/vanesso3/public_html/wp-content/plugins/constant-contact-api/lib/eventspot/ctct_php_library/Collections.php(620): CTCTRequest->makeRequest('https://api.con...', 'GET')
#1 /home2/vanesso3/public_html/wp-content/plugins/constant-contact-api/lib/eventspot/ctct_php_library/ConstantContact.php(524): EventsCollection->getEvents(NULL)
#2 /home2/vanesso3/public_html/wp-content/plugins/constant-contact-api/lib/eventspot/functions.php(28): ConstantContact->getEvents(NULL)
#3 /home2/vanesso3/public_html/wp-content/plugins/constant-contact-api/lib/eventspot/eventspot.php(290): constant_contact_old_api_get_all('Events', Object(KWS_V1API))
#4 [internal function]: CTCT_EventSpot->events_dashboard('', Array)
#5 /home2/vanesso3/public_html/wp-admin/includes/template.php(985): call_user_func(Array, '', Array)
#6 /home2/vanesso3/public_html/wp-admin/includes/dashboard.php(190): do_meta_boxes('dashboard', 'normal', '')
#7 /home2/vanesso3/public_html/wp-admin/index.php(125): wp_dashboard()
#8 {main}

Constant Contact Exception -- December 17, 2014, 8:10:11pm
Constant Contact HTTP Request Exception: <?xml version="1.0" encoding="UTF-8" standalone="yes"?>
<Error>
    <ErrorCode>403</ErrorCode>
    <ErrorMessages>SiteOwner hipbrazil1 does not have access to EventSpot product</ErrorMessages>
</Error>

Stack Trace: #0 /home2/vanesso3/public_html/wp-content/plugins/constant-contact-api/lib/eventspot/ctct_php_library/Collections.php(620): CTCTRequest->makeRequest('https://api.con...', 'GET')
#1 /home2/vanesso3/public_html/wp-content/plugins/constant-contact-api/lib/eventspot/ctct_php_library/ConstantContact.php(524): EventsCollection->getEvents(NULL)
#2 /home2/vanesso3/public_html/wp-content/plugins/constant-contact-api/lib/eventspot/views/embed-form.php(53): ConstantContact->getEvents()
#3 /home2/vanesso3/public_html/wp-content/plugins/constant-contact-api/inc/functions.php(32): include('/home2/vanesso3...')
#4 /home2/vanesso3/public_html/wp-content/plugins/constant-contact-api/lib/eventspot/embed.php(60): kws_ob_include('/home2/vanesso3...')
#5 [internal function]: eventspot_add_mce_popup('')
#6 /home2/vanesso3/public_html/wp-includes/plugin.php(470): call_user_func_array('eventspot_add_m...', Array)
#7 /home2/vanesso3/public_html/wp-admin/admin-footer.php(67): do_action('admin_footer', '')
#8 /home2/vanesso3/public_html/wp-admin/post.php(325): include('/home2/vanesso3...')
#9 {main}

Constant Contact Exception -- December 17, 2014, 8:34:36pm
Constant Contact HTTP Request Exception: <?xml version="1.0" encoding="UTF-8" standalone="yes"?>
<Error>
    <ErrorCode>403</ErrorCode>
    <ErrorMessages>SiteOwner hipbrazil1 does not have access to EventSpot product</ErrorMessages>
</Error>

Stack Trace: #0 /home2/vanesso3/public_html/wp-content/plugins/constant-contact-api/lib/eventspot/ctct_php_library/Collections.php(620): CTCTRequest->makeRequest('https://api.con...', 'GET')
#1 /home2/vanesso3/public_html/wp-content/plugins/constant-contact-api/lib/eventspot/ctct_php_library/ConstantContact.php(524): EventsCollection->getEvents(NULL)
#2 /home2/vanesso3/public_html/wp-content/plugins/constant-contact-api/lib/eventspot/functions.php(28): ConstantContact->getEvents(NULL)
#3 /home2/vanesso3/public_html/wp-content/plugins/constant-contact-api/lib/eventspot/eventspot.php(290): constant_contact_old_api_get_all('Events', Object(KWS_V1API))
#4 [internal function]: CTCT_EventSpot->events_dashboard('', Array)
#5 /home2/vanesso3/public_html/wp-admin/includes/template.php(985): call_user_func(Array, '', Array)
#6 /home2/vanesso3/public_html/wp-admin/includes/dashboard.php(190): do_meta_boxes('dashboard', 'normal', '')
#7 /home2/vanesso3/public_html/wp-admin/index.php(125): wp_dashboard()
#8 {main}

Constant Contact Exception -- December 17, 2014, 8:50:46pm
Constant Contact HTTP Request Exception: <?xml version="1.0" encoding="UTF-8" standalone="yes"?>
<Error>
    <ErrorCode>403</ErrorCode>
    <ErrorMessages>SiteOwner hipbrazil1 does not have access to EventSpot product</ErrorMessages>
</Error>

Stack Trace: #0 /home2/vanesso3/public_html/wp-content/plugins/constant-contact-api/lib/eventspot/ctct_php_library/Collections.php(620): CTCTRequest->makeRequest('https://api.con...', 'GET')
#1 /home2/vanesso3/public_html/wp-content/plugins/constant-contact-api/lib/eventspot/ctct_php_library/ConstantContact.php(524): EventsCollection->getEvents(NULL)
#2 /home2/vanesso3/public_html/wp-content/plugins/constant-contact-api/lib/eventspot/views/embed-form.php(53): ConstantContact->getEvents()
#3 /home2/vanesso3/public_html/wp-content/plugins/constant-contact-api/inc/functions.php(32): include('/home2/vanesso3...')
#4 /home2/vanesso3/public_html/wp-content/plugins/constant-contact-api/lib/eventspot/embed.php(60): kws_ob_include('/home2/vanesso3...')
#5 [internal function]: eventspot_add_mce_popup('')
#6 /home2/vanesso3/public_html/wp-includes/plugin.php(470): call_user_func_array('eventspot_add_m...', Array)
#7 /home2/vanesso3/public_html/wp-admin/admin-footer.php(67): do_action('admin_footer', '')
#8 /home2/vanesso3/public_html/wp-admin/post.php(325): include('/home2/vanesso3...')
#9 {main}

Constant Contact Exception -- December 17, 2014, 8:52:03pm
Constant Contact HTTP Request Exception: <?xml version="1.0" encoding="UTF-8" standalone="yes"?>
<Error>
    <ErrorCode>403</ErrorCode>
    <ErrorMessages>SiteOwner hipbrazil1 does not have access to EventSpot product</ErrorMessages>
</Error>

Stack Trace: #0 /home2/vanesso3/public_html/wp-content/plugins/constant-contact-api/lib/eventspot/ctct_php_library/Collections.php(620): CTCTRequest->makeRequest('https://api.con...', 'GET')
#1 /home2/vanesso3/public_html/wp-content/plugins/constant-contact-api/lib/eventspot/ctct_php_library/ConstantContact.php(524): EventsCollection->getEvents(NULL)
#2 /home2/vanesso3/public_html/wp-content/plugins/constant-contact-api/lib/eventspot/views/embed-form.php(53): ConstantContact->getEvents()
#3 /home2/vanesso3/public_html/wp-content/plugins/constant-contact-api/inc/functions.php(32): include('/home2/vanesso3...')
#4 /home2/vanesso3/public_html/wp-content/plugins/constant-contact-api/lib/eventspot/embed.php(60): kws_ob_include('/home2/vanesso3...')
#5 [internal function]: eventspot_add_mce_popup('')
#6 /home2/vanesso3/public_html/wp-includes/plugin.php(470): call_user_func_array('eventspot_add_m...', Array)
#7 /home2/vanesso3/public_html/wp-admin/admin-footer.php(67): do_action('admin_footer', '')
#8 /home2/vanesso3/public_html/wp-admin/post.php(325): include('/home2/vanesso3...')
#9 {main}

Constant Contact Exception -- December 19, 2014, 5:53:15pm
Constant Contact HTTP Request Exception: <?xml version="1.0" encoding="UTF-8" standalone="yes"?>
<Error>
    <ErrorCode>403</ErrorCode>
    <ErrorMessages>SiteOwner hipbrazil1 does not have access to EventSpot product</ErrorMessages>
</Error>

Stack Trace: #0 /home2/vanesso3/public_html/wp-content/plugins/constant-contact-api/lib/eventspot/ctct_php_library/Collections.php(620): CTCTRequest->makeRequest('https://api.con...', 'GET')
#1 /home2/vanesso3/public_html/wp-content/plugins/constant-contact-api/lib/eventspot/ctct_php_library/ConstantContact.php(524): EventsCollection->getEvents(NULL)
#2 /home2/vanesso3/public_html/wp-content/plugins/constant-contact-api/lib/eventspot/functions.php(28): ConstantContact->getEvents(NULL)
#3 /home2/vanesso3/public_html/wp-content/plugins/constant-contact-api/lib/eventspot/eventspot.php(290): constant_contact_old_api_get_all('Events', Object(KWS_V1API))
#4 [internal function]: CTCT_EventSpot->events_dashboard('', Array)
#5 /home2/vanesso3/public_html/wp-admin/includes/template.php(985): call_user_func(Array, '', Array)
#6 /home2/vanesso3/public_html/wp-admin/includes/dashboard.php(190): do_meta_boxes('dashboard', 'normal', '')
#7 /home2/vanesso3/public_html/wp-admin/index.php(125): wp_dashboard()
#8 {main}

Constant Contact Exception -- December 19, 2014, 5:59:27pm
Constant Contact HTTP Request Exception: <?xml version="1.0" encoding="UTF-8" standalone="yes"?>
<Error>
    <ErrorCode>403</ErrorCode>
    <ErrorMessages>SiteOwner hipbrazil1 does not have access to EventSpot product</ErrorMessages>
</Error>

Stack Trace: #0 /home2/vanesso3/public_html/wp-content/plugins/constant-contact-api/lib/eventspot/ctct_php_library/Collections.php(620): CTCTRequest->makeRequest('https://api.con...', 'GET')
#1 /home2/vanesso3/public_html/wp-content/plugins/constant-contact-api/lib/eventspot/ctct_php_library/ConstantContact.php(524): EventsCollection->getEvents(NULL)
#2 /home2/vanesso3/public_html/wp-content/plugins/constant-contact-api/lib/eventspot/functions.php(28): ConstantContact->getEvents(NULL)
#3 /home2/vanesso3/public_html/wp-content/plugins/constant-contact-api/lib/eventspot/eventspot.php(290): constant_contact_old_api_get_all('Events', Object(KWS_V1API))
#4 [internal function]: CTCT_EventSpot->events_dashboard('', Array)
#5 /home2/vanesso3/public_html/wp-admin/includes/template.php(985): call_user_func(Array, '', Array)
#6 /home2/vanesso3/public_html/wp-admin/includes/dashboard.php(190): do_meta_boxes('dashboard', 'normal', '')
#7 /home2/vanesso3/public_html/wp-admin/index.php(125): wp_dashboard()
#8 {main}

Constant Contact Exception -- December 19, 2014, 6:00:05pm
Constant Contact HTTP Request Exception: <?xml version="1.0" encoding="UTF-8" standalone="yes"?>
<Error>
    <ErrorCode>403</ErrorCode>
    <ErrorMessages>SiteOwner hipbrazil1 does not have access to EventSpot product</ErrorMessages>
</Error>

Stack Trace: #0 /home2/vanesso3/public_html/wp-content/plugins/constant-contact-api/lib/eventspot/ctct_php_library/Collections.php(620): CTCTRequest->makeRequest('https://api.con...', 'GET')
#1 /home2/vanesso3/public_html/wp-content/plugins/constant-contact-api/lib/eventspot/ctct_php_library/ConstantContact.php(524): EventsCollection->getEvents(NULL)
#2 /home2/vanesso3/public_html/wp-content/plugins/constant-contact-api/lib/eventspot/functions.php(28): ConstantContact->getEvents(NULL)
#3 /home2/vanesso3/public_html/wp-content/plugins/constant-contact-api/lib/eventspot/eventspot.php(290): constant_contact_old_api_get_all('Events', Object(KWS_V1API))
#4 [internal function]: CTCT_EventSpot->events_dashboard('', Array)
#5 /home2/vanesso3/public_html/wp-admin/includes/template.php(985): call_user_func(Array, '', Array)
#6 /home2/vanesso3/public_html/wp-admin/includes/dashboard.php(190): do_meta_boxes('dashboard', 'normal', '')
#7 /home2/vanesso3/public_html/wp-admin/index.php(125): wp_dashboard()
#8 {main}

Constant Contact Exception -- December 19, 2014, 6:50:50pm
Constant Contact HTTP Request Exception: <?xml version="1.0" encoding="UTF-8" standalone="yes"?>
<Error>
    <ErrorCode>403</ErrorCode>
    <ErrorMessages>SiteOwner hipbrazil1 does not have access to EventSpot product</ErrorMessages>
</Error>

Stack Trace: #0 /home2/vanesso3/public_html/wp-content/plugins/constant-contact-api/lib/eventspot/ctct_php_library/Collections.php(620): CTCTRequest->makeRequest('https://api.con...', 'GET')
#1 /home2/vanesso3/public_html/wp-content/plugins/constant-contact-api/lib/eventspot/ctct_php_library/ConstantContact.php(524): EventsCollection->getEvents(NULL)
#2 /home2/vanesso3/public_html/wp-content/plugins/constant-contact-api/lib/eventspot/functions.php(28): ConstantContact->getEvents(NULL)
#3 /home2/vanesso3/public_html/wp-content/plugins/constant-contact-api/lib/eventspot/eventspot.php(290): constant_contact_old_api_get_all('Events', Object(KWS_V1API))
#4 [internal function]: CTCT_EventSpot->events_dashboard('', Array)
#5 /home2/vanesso3/public_html/wp-admin/includes/template.php(985): call_user_func(Array, '', Array)
#6 /home2/vanesso3/public_html/wp-admin/includes/dashboard.php(190): do_meta_boxes('dashboard', 'normal', '')
#7 /home2/vanesso3/public_html/wp-admin/index.php(125): wp_dashboard()
#8 {main}

Constant Contact Exception -- December 19, 2014, 6:51:08pm
Constant Contact HTTP Request Exception: <?xml version="1.0" encoding="UTF-8" standalone="yes"?>
<Error>
    <ErrorCode>403</ErrorCode>
    <ErrorMessages>SiteOwner hipbrazil1 does not have access to EventSpot product</ErrorMessages>
</Error>

Stack Trace: #0 /home2/vanesso3/public_html/wp-content/plugins/constant-contact-api/lib/eventspot/ctct_php_library/Collections.php(620): CTCTRequest->makeRequest('https://api.con...', 'GET')
#1 /home2/vanesso3/public_html/wp-content/plugins/constant-contact-api/lib/eventspot/ctct_php_library/ConstantContact.php(524): EventsCollection->getEvents(NULL)
#2 /home2/vanesso3/public_html/wp-content/plugins/constant-contact-api/lib/eventspot/views/embed-form.php(53): ConstantContact->getEvents()
#3 /home2/vanesso3/public_html/wp-content/plugins/constant-contact-api/inc/functions.php(32): include('/home2/vanesso3...')
#4 /home2/vanesso3/public_html/wp-content/plugins/constant-contact-api/lib/eventspot/embed.php(60): kws_ob_include('/home2/vanesso3...')
#5 [internal function]: eventspot_add_mce_popup('')
#6 /home2/vanesso3/public_html/wp-includes/plugin.php(470): call_user_func_array('eventspot_add_m...', Array)
#7 /home2/vanesso3/public_html/wp-admin/admin-footer.php(67): do_action('admin_footer', '')
#8 /home2/vanesso3/public_html/wp-admin/post.php(325): include('/home2/vanesso3...')
#9 {main}

Constant Contact Exception -- December 19, 2014, 7:34:22pm
Constant Contact HTTP Request Exception: <?xml version="1.0" encoding="UTF-8" standalone="yes"?>
<Error>
    <ErrorCode>403</ErrorCode>
    <ErrorMessages>SiteOwner hipbrazil1 does not have access to EventSpot product</ErrorMessages>
</Error>

Stack Trace: #0 /home2/vanesso3/public_html/wp-content/plugins/constant-contact-api/lib/eventspot/ctct_php_library/Collections.php(620): CTCTRequest->makeRequest('https://api.con...', 'GET')
#1 /home2/vanesso3/public_html/wp-content/plugins/constant-contact-api/lib/eventspot/ctct_php_library/ConstantContact.php(524): EventsCollection->getEvents(NULL)
#2 /home2/vanesso3/public_html/wp-content/plugins/constant-contact-api/lib/eventspot/functions.php(28): ConstantContact->getEvents(NULL)
#3 /home2/vanesso3/public_html/wp-content/plugins/constant-contact-api/lib/eventspot/eventspot.php(290): constant_contact_old_api_get_all('Events', Object(KWS_V1API))
#4 [internal function]: CTCT_EventSpot->events_dashboard('', Array)
#5 /home2/vanesso3/public_html/wp-admin/includes/template.php(985): call_user_func(Array, '', Array)
#6 /home2/vanesso3/public_html/wp-admin/includes/dashboard.php(190): do_meta_boxes('dashboard', 'normal', '')
#7 /home2/vanesso3/public_html/wp-admin/index.php(125): wp_dashboard()
#8 {main}

Constant Contact Exception -- December 19, 2014, 8:06:30pm
Constant Contact HTTP Request Exception: <?xml version="1.0" encoding="UTF-8" standalone="yes"?>
<Error>
    <ErrorCode>403</ErrorCode>
    <ErrorMessages>SiteOwner hipbrazil1 does not have access to EventSpot product</ErrorMessages>
</Error>

Stack Trace: #0 /home2/vanesso3/public_html/wp-content/plugins/constant-contact-api/lib/eventspot/ctct_php_library/Collections.php(620): CTCTRequest->makeRequest('https://api.con...', 'GET')
#1 /home2/vanesso3/public_html/wp-content/plugins/constant-contact-api/lib/eventspot/ctct_php_library/ConstantContact.php(524): EventsCollection->getEvents(NULL)
#2 /home2/vanesso3/public_html/wp-content/plugins/constant-contact-api/lib/eventspot/views/embed-form.php(53): ConstantContact->getEvents()
#3 /home2/vanesso3/public_html/wp-content/plugins/constant-contact-api/inc/functions.php(32): include('/home2/vanesso3...')
#4 /home2/vanesso3/public_html/wp-content/plugins/constant-contact-api/lib/eventspot/embed.php(60): kws_ob_include('/home2/vanesso3...')
#5 [internal function]: eventspot_add_mce_popup('')
#6 /home2/vanesso3/public_html/wp-includes/plugin.php(470): call_user_func_array('eventspot_add_m...', Array)
#7 /home2/vanesso3/public_html/wp-admin/admin-footer.php(67): do_action('admin_footer', '')
#8 /home2/vanesso3/public_html/wp-admin/post.php(325): include('/home2/vanesso3...')
#9 {main}

Constant Contact Exception -- December 19, 2014, 8:27:14pm
Constant Contact HTTP Request Exception: <?xml version="1.0" encoding="UTF-8" standalone="yes"?>
<Error>
    <ErrorCode>403</ErrorCode>
    <ErrorMessages>SiteOwner hipbrazil1 does not have access to EventSpot product</ErrorMessages>
</Error>

Stack Trace: #0 /home2/vanesso3/public_html/wp-content/plugins/constant-contact-api/lib/eventspot/ctct_php_library/Collections.php(620): CTCTRequest->makeRequest('https://api.con...', 'GET')
#1 /home2/vanesso3/public_html/wp-content/plugins/constant-contact-api/lib/eventspot/ctct_php_library/ConstantContact.php(524): EventsCollection->getEvents(NULL)
#2 /home2/vanesso3/public_html/wp-content/plugins/constant-contact-api/lib/eventspot/views/embed-form.php(53): ConstantContact->getEvents()
#3 /home2/vanesso3/public_html/wp-content/plugins/constant-contact-api/inc/functions.php(32): include('/home2/vanesso3...')
#4 /home2/vanesso3/public_html/wp-content/plugins/constant-contact-api/lib/eventspot/embed.php(60): kws_ob_include('/home2/vanesso3...')
#5 [internal function]: eventspot_add_mce_popup('')
#6 /home2/vanesso3/public_html/wp-includes/plugin.php(470): call_user_func_array('eventspot_add_m...', Array)
#7 /home2/vanesso3/public_html/wp-admin/admin-footer.php(67): do_action('admin_footer', '')
#8 /home2/vanesso3/public_html/wp-admin/post.php(325): include('/home2/vanesso3...')
#9 {main}

Constant Contact Exception -- December 19, 2014, 8:52:17pm
Constant Contact HTTP Request Exception: <?xml version="1.0" encoding="UTF-8" standalone="yes"?>
<Error>
    <ErrorCode>403</ErrorCode>
    <ErrorMessages>SiteOwner hipbrazil1 does not have access to EventSpot product</ErrorMessages>
</Error>

Stack Trace: #0 /home2/vanesso3/public_html/wp-content/plugins/constant-contact-api/lib/eventspot/ctct_php_library/Collections.php(620): CTCTRequest->makeRequest('https://api.con...', 'GET')
#1 /home2/vanesso3/public_html/wp-content/plugins/constant-contact-api/lib/eventspot/ctct_php_library/ConstantContact.php(524): EventsCollection->getEvents(NULL)
#2 /home2/vanesso3/public_html/wp-content/plugins/constant-contact-api/lib/eventspot/views/embed-form.php(53): ConstantContact->getEvents()
#3 /home2/vanesso3/public_html/wp-content/plugins/constant-contact-api/inc/functions.php(32): include('/home2/vanesso3...')
#4 /home2/vanesso3/public_html/wp-content/plugins/constant-contact-api/lib/eventspot/embed.php(60): kws_ob_include('/home2/vanesso3...')
#5 [internal function]: eventspot_add_mce_popup('')
#6 /home2/vanesso3/public_html/wp-includes/plugin.php(470): call_user_func_array('eventspot_add_m...', Array)
#7 /home2/vanesso3/public_html/wp-admin/admin-footer.php(67): do_action('admin_footer', '')
#8 /home2/vanesso3/public_html/wp-admin/post.php(325): include('/home2/vanesso3...')
#9 {main}

Constant Contact Exception -- December 19, 2014, 8:59:30pm
Constant Contact HTTP Request Exception: <?xml version="1.0" encoding="UTF-8" standalone="yes"?>
<Error>
    <ErrorCode>403</ErrorCode>
    <ErrorMessages>SiteOwner hipbrazil1 does not have access to EventSpot product</ErrorMessages>
</Error>

Stack Trace: #0 /home2/vanesso3/public_html/wp-content/plugins/constant-contact-api/lib/eventspot/ctct_php_library/Collections.php(620): CTCTRequest->makeRequest('https://api.con...', 'GET')
#1 /home2/vanesso3/public_html/wp-content/plugins/constant-contact-api/lib/eventspot/ctct_php_library/ConstantContact.php(524): EventsCollection->getEvents(NULL)
#2 /home2/vanesso3/public_html/wp-content/plugins/constant-contact-api/lib/eventspot/views/embed-form.php(53): ConstantContact->getEvents()
#3 /home2/vanesso3/public_html/wp-content/plugins/constant-contact-api/inc/functions.php(32): include('/home2/vanesso3...')
#4 /home2/vanesso3/public_html/wp-content/plugins/constant-contact-api/lib/eventspot/embed.php(60): kws_ob_include('/home2/vanesso3...')
#5 [internal function]: eventspot_add_mce_popup('')
#6 /home2/vanesso3/public_html/wp-includes/plugin.php(470): call_user_func_array('eventspot_add_m...', Array)
#7 /home2/vanesso3/public_html/wp-admin/admin-footer.php(67): do_action('admin_footer', '')
#8 /home2/vanesso3/public_html/wp-admin/post.php(325): include('/home2/vanesso3...')
#9 {main}

